[INFO] Scanning for projects...
[INFO] 
[INFO] -----------------------< code.apiversion:server >-----------------------
[INFO] Building server 1.0-SNAPSHOT
[INFO]   from pom.xml
[INFO] --------------------------------[ war ]---------------------------------
[INFO] 
[INFO] --- clean:3.2.0:clean (default-clean) @ server ---
[INFO] Deleting D:\code\apiversion\server\target
[INFO] 
[INFO] >>> jetty:9.4.53.v20231009:run (default-cli) > test-compile @ server >>>
[INFO] 
[INFO] --- resources:3.3.1:resources (default-resources) @ server ---
[WARNING] Using platform encoding (UTF-8 actually) to copy filtered resources, i.e. build is platform dependent!
[INFO] Copying 0 resource from src\main\resources to target\classes
[INFO] 
[INFO] --- compiler:3.13.0:compile (default-compile) @ server ---
[INFO] Recompiling the module because of changed source code.
[WARNING] File encoding has not been set, using platform encoding UTF-8, i.e. build is platform dependent!
[INFO] Compiling 6 source files with javac [debug target 17] to target\classes
[WARNING] location of system modules is not set in conjunction with -source 17
  not setting the location of system modules may lead to class files that cannot run on JDK 17
    --release 17 is recommended instead of -source 17 -target 17 because it sets the location of system modules automatically
[INFO] 
[INFO] --- resources:3.3.1:testResources (default-testResources) @ server ---
[WARNING] Using platform encoding (UTF-8 actually) to copy filtered resources, i.e. build is platform dependent!
[INFO] skip non existing resourceDirectory D:\code\apiversion\server\src\test\resources
[INFO] 
[INFO] --- compiler:3.13.0:testCompile (default-testCompile) @ server ---
[INFO] Recompiling the module because of changed dependency.
[WARNING] File encoding has not been set, using platform encoding UTF-8, i.e. build is platform dependent!
[INFO] 
[INFO] <<< jetty:9.4.53.v20231009:run (default-cli) < test-compile @ server <<<
[INFO] 
[INFO] 
[INFO] --- jetty:9.4.53.v20231009:run (default-cli) @ server ---
[INFO] Logging initialized @3176ms to org.eclipse.jetty.util.log.Slf4jLog
[INFO] webAppSourceDirectory not set. Trying src\main\webapp
[INFO] Reload Mechanic: automatic
[INFO] nonBlocking:false
[INFO] Classes = D:\code\apiversion\server\target\classes
[INFO] Configuring Jetty for project: server
[INFO] Context path = /
[INFO] Tmp directory = D:\code\apiversion\server\target\tmp
[INFO] Web defaults = org/eclipse/jetty/webapp/webdefault.xml
[INFO] Web overrides =  none
[INFO] web.xml file = file:///D:/code/apiversion/server/src/main/webapp/WEB-INF/web.xml
[INFO] Webapp directory = D:\code\apiversion\server\src\main\webapp
[INFO] jetty-9.4.53.v20231009; built: 2023-10-09T12:29:09.265Z; git: 27bde00a0b95a1d5bbee0eae7984f891d2d0f8c9; jvm 25+36-3489
[WARNING] javax.inject.Inject scanned from multiple locations: jar:file:///C:/Users/anayo/.m2/repository/javax/inject/javax.inject/1/javax.inject-1.jar!/javax/inject/Inject.class, jar:file:///C:/Users/anayo/.m2/repository/org/glassfish/hk2/external/jakarta.inject/2.6.1/jakarta.inject-2.6.1.jar!/javax/inject/Inject.class
[WARNING] javax.inject.Named scanned from multiple locations: jar:file:///C:/Users/anayo/.m2/repository/javax/inject/javax.inject/1/javax.inject-1.jar!/javax/inject/Named.class, jar:file:///C:/Users/anayo/.m2/repository/org/glassfish/hk2/external/jakarta.inject/2.6.1/jakarta.inject-2.6.1.jar!/javax/inject/Named.class
[WARNING] javax.inject.Provider scanned from multiple locations: jar:file:///C:/Users/anayo/.m2/repository/javax/inject/javax.inject/1/javax.inject-1.jar!/javax/inject/Provider.class, jar:file:///C:/Users/anayo/.m2/repository/org/glassfish/hk2/external/jakarta.inject/2.6.1/jakarta.inject-2.6.1.jar!/javax/inject/Provider.class
[WARNING] javax.inject.Qualifier scanned from multiple locations: jar:file:///C:/Users/anayo/.m2/repository/javax/inject/javax.inject/1/javax.inject-1.jar!/javax/inject/Qualifier.class, jar:file:///C:/Users/anayo/.m2/repository/org/glassfish/hk2/external/jakarta.inject/2.6.1/jakarta.inject-2.6.1.jar!/javax/inject/Qualifier.class
[WARNING] javax.inject.Scope scanned from multiple locations: jar:file:///C:/Users/anayo/.m2/repository/javax/inject/javax.inject/1/javax.inject-1.jar!/javax/inject/Scope.class, jar:file:///C:/Users/anayo/.m2/repository/org/glassfish/hk2/external/jakarta.inject/2.6.1/jakarta.inject-2.6.1.jar!/javax/inject/Scope.class
[WARNING] javax.inject.Singleton scanned from multiple locations: jar:file:///C:/Users/anayo/.m2/repository/javax/inject/javax.inject/1/javax.inject-1.jar!/javax/inject/Singleton.class, jar:file:///C:/Users/anayo/.m2/repository/org/glassfish/hk2/external/jakarta.inject/2.6.1/jakarta.inject-2.6.1.jar!/javax/inject/Singleton.class
[WARNING] org.aopalliance.aop.Advice scanned from multiple locations: jar:file:///C:/Users/anayo/.m2/repository/aopalliance/aopalliance/1.0/aopalliance-1.0.jar!/org/aopalliance/aop/Advice.class, jar:file:///C:/Users/anayo/.m2/repository/org/glassfish/hk2/external/aopalliance-repackaged/2.6.1/aopalliance-repackaged-2.6.1.jar!/org/aopalliance/aop/Advice.class
[WARNING] org.aopalliance.aop.AspectException scanned from multiple locations: jar:file:///C:/Users/anayo/.m2/repository/aopalliance/aopalliance/1.0/aopalliance-1.0.jar!/org/aopalliance/aop/AspectException.class, jar:file:///C:/Users/anayo/.m2/repository/org/glassfish/hk2/external/aopalliance-repackaged/2.6.1/aopalliance-repackaged-2.6.1.jar!/org/aopalliance/aop/AspectException.class
[WARNING] org.aopalliance.intercept.ConstructorInterceptor scanned from multiple locations: jar:file:///C:/Users/anayo/.m2/repository/aopalliance/aopalliance/1.0/aopalliance-1.0.jar!/org/aopalliance/intercept/ConstructorInterceptor.class, jar:file:///C:/Users/anayo/.m2/repository/org/glassfish/hk2/external/aopalliance-repackaged/2.6.1/aopalliance-repackaged-2.6.1.jar!/org/aopalliance/intercept/ConstructorInterceptor.class
[WARNING] org.aopalliance.intercept.ConstructorInvocation scanned from multiple locations: jar:file:///C:/Users/anayo/.m2/repository/aopalliance/aopalliance/1.0/aopalliance-1.0.jar!/org/aopalliance/intercept/ConstructorInvocation.class, jar:file:///C:/Users/anayo/.m2/repository/org/glassfish/hk2/external/aopalliance-repackaged/2.6.1/aopalliance-repackaged-2.6.1.jar!/org/aopalliance/intercept/ConstructorInvocation.class
[WARNING] org.aopalliance.intercept.Interceptor scanned from multiple locations: jar:file:///C:/Users/anayo/.m2/repository/aopalliance/aopalliance/1.0/aopalliance-1.0.jar!/org/aopalliance/intercept/Interceptor.class, jar:file:///C:/Users/anayo/.m2/repository/org/glassfish/hk2/external/aopalliance-repackaged/2.6.1/aopalliance-repackaged-2.6.1.jar!/org/aopalliance/intercept/Interceptor.class
[WARNING] org.aopalliance.intercept.Invocation scanned from multiple locations: jar:file:///C:/Users/anayo/.m2/repository/aopalliance/aopalliance/1.0/aopalliance-1.0.jar!/org/aopalliance/intercept/Invocation.class, jar:file:///C:/Users/anayo/.m2/repository/org/glassfish/hk2/external/aopalliance-repackaged/2.6.1/aopalliance-repackaged-2.6.1.jar!/org/aopalliance/intercept/Invocation.class
[WARNING] org.aopalliance.intercept.Joinpoint scanned from multiple locations: jar:file:///C:/Users/anayo/.m2/repository/aopalliance/aopalliance/1.0/aopalliance-1.0.jar!/org/aopalliance/intercept/Joinpoint.class, jar:file:///C:/Users/anayo/.m2/repository/org/glassfish/hk2/external/aopalliance-repackaged/2.6.1/aopalliance-repackaged-2.6.1.jar!/org/aopalliance/intercept/Joinpoint.class
[WARNING] org.aopalliance.intercept.MethodInterceptor scanned from multiple locations: jar:file:///C:/Users/anayo/.m2/repository/aopalliance/aopalliance/1.0/aopalliance-1.0.jar!/org/aopalliance/intercept/MethodInterceptor.class, jar:file:///C:/Users/anayo/.m2/repository/org/glassfish/hk2/external/aopalliance-repackaged/2.6.1/aopalliance-repackaged-2.6.1.jar!/org/aopalliance/intercept/MethodInterceptor.class
[WARNING] org.aopalliance.intercept.MethodInvocation scanned from multiple locations: jar:file:///C:/Users/anayo/.m2/repository/aopalliance/aopalliance/1.0/aopalliance-1.0.jar!/org/aopalliance/intercept/MethodInvocation.class, jar:file:///C:/Users/anayo/.m2/repository/org/glassfish/hk2/external/aopalliance-repackaged/2.6.1/aopalliance-repackaged-2.6.1.jar!/org/aopalliance/intercept/MethodInvocation.class
[WARNING] org.glassfish.json.BufferPoolImpl scanned from multiple locations: jar:file:///C:/Users/anayo/.m2/repository/org/glassfish/jakarta.json/1.1.6/jakarta.json-1.1.6-module.jar!/org/glassfish/json/BufferPoolImpl.class, jar:file:///C:/Users/anayo/.m2/repository/org/glassfish/jakarta.json/1.1.6/jakarta.json-1.1.6.jar!/org/glassfish/json/BufferPoolImpl.class
[WARNING] org.glassfish.json.JsonArrayBuilderImpl$JsonArrayImpl scanned from multiple locations: jar:file:///C:/Users/anayo/.m2/repository/org/glassfish/jakarta.json/1.1.6/jakarta.json-1.1.6-module.jar!/org/glassfish/json/JsonArrayBuilderImpl$JsonArrayImpl.class, jar:file:///C:/Users/anayo/.m2/repository/org/glassfish/jakarta.json/1.1.6/jakarta.json-1.1.6.jar!/org/glassfish/json/JsonArrayBuilderImpl$JsonArrayImpl.class
[WARNING] org.glassfish.json.JsonArrayBuilderImpl scanned from multiple locations: jar:file:///C:/Users/anayo/.m2/repository/org/glassfish/jakarta.json/1.1.6/jakarta.json-1.1.6-module.jar!/org/glassfish/json/JsonArrayBuilderImpl.class, jar:file:///C:/Users/anayo/.m2/repository/org/glassfish/jakarta.json/1.1.6/jakarta.json-1.1.6.jar!/org/glassfish/json/JsonArrayBuilderImpl.class
[WARNING] org.glassfish.json.JsonBuilderFactoryImpl scanned from multiple locations: jar:file:///C:/Users/anayo/.m2/repository/org/glassfish/jakarta.json/1.1.6/jakarta.json-1.1.6-module.jar!/org/glassfish/json/JsonBuilderFactoryImpl.class, jar:file:///C:/Users/anayo/.m2/repository/org/glassfish/jakarta.json/1.1.6/jakarta.json-1.1.6.jar!/org/glassfish/json/JsonBuilderFactoryImpl.class
[WARNING] org.glassfish.json.JsonGeneratorFactoryImpl scanned from multiple locations: jar:file:///C:/Users/anayo/.m2/repository/org/glassfish/jakarta.json/1.1.6/jakarta.json-1.1.6-module.jar!/org/glassfish/json/JsonGeneratorFactoryImpl.class, jar:file:///C:/Users/anayo/.m2/repository/org/glassfish/jakarta.json/1.1.6/jakarta.json-1.1.6.jar!/org/glassfish/json/JsonGeneratorFactoryImpl.class
[WARNING] org.glassfish.json.JsonGeneratorImpl$1 scanned from multiple locations: jar:file:///C:/Users/anayo/.m2/repository/org/glassfish/jakarta.json/1.1.6/jakarta.json-1.1.6-module.jar!/org/glassfish/json/JsonGeneratorImpl$1.class, jar:file:///C:/Users/anayo/.m2/repository/org/glassfish/jakarta.json/1.1.6/jakarta.json-1.1.6.jar!/org/glassfish/json/JsonGeneratorImpl$1.class
[WARNING] org.glassfish.json.JsonGeneratorImpl$Context scanned from multiple locations: jar:file:///C:/Users/anayo/.m2/repository/org/glassfish/jakarta.json/1.1.6/jakarta.json-1.1.6-module.jar!/org/glassfish/json/JsonGeneratorImpl$Context.class, jar:file:///C:/Users/anayo/.m2/repository/org/glassfish/jakarta.json/1.1.6/jakarta.json-1.1.6.jar!/org/glassfish/json/JsonGeneratorImpl$Context.class
[WARNING] org.glassfish.json.JsonGeneratorImpl$Scope scanned from multiple locations: jar:file:///C:/Users/anayo/.m2/repository/org/glassfish/jakarta.json/1.1.6/jakarta.json-1.1.6-module.jar!/org/glassfish/json/JsonGeneratorImpl$Scope.class, jar:file:///C:/Users/anayo/.m2/repository/org/glassfish/jakarta.json/1.1.6/jakarta.json-1.1.6.jar!/org/glassfish/json/JsonGeneratorImpl$Scope.class
[WARNING] org.glassfish.json.JsonGeneratorImpl scanned from multiple locations: jar:file:///C:/Users/anayo/.m2/repository/org/glassfish/jakarta.json/1.1.6/jakarta.json-1.1.6-module.jar!/org/glassfish/json/JsonGeneratorImpl.class, jar:file:///C:/Users/anayo/.m2/repository/org/glassfish/jakarta.json/1.1.6/jakarta.json-1.1.6.jar!/org/glassfish/json/JsonGeneratorImpl.class
[WARNING] org.glassfish.json.JsonLocationImpl scanned from multiple locations: jar:file:///C:/Users/anayo/.m2/repository/org/glassfish/jakarta.json/1.1.6/jakarta.json-1.1.6-module.jar!/org/glassfish/json/JsonLocationImpl.class, jar:file:///C:/Users/anayo/.m2/repository/org/glassfish/jakarta.json/1.1.6/jakarta.json-1.1.6.jar!/org/glassfish/json/JsonLocationImpl.class
[WARNING] org.glassfish.json.JsonMergePatchImpl scanned from multiple locations: jar:file:///C:/Users/anayo/.m2/repository/org/glassfish/jakarta.json/1.1.6/jakarta.json-1.1.6-module.jar!/org/glassfish/json/JsonMergePatchImpl.class, jar:file:///C:/Users/anayo/.m2/repository/org/glassfish/jakarta.json/1.1.6/jakarta.json-1.1.6.jar!/org/glassfish/json/JsonMergePatchImpl.class
[WARNING] org.glassfish.json.JsonMessages scanned from multiple locations: jar:file:///C:/Users/anayo/.m2/repository/org/glassfish/jakarta.json/1.1.6/jakarta.json-1.1.6-module.jar!/org/glassfish/json/JsonMessages.class, jar:file:///C:/Users/anayo/.m2/repository/org/glassfish/jakarta.json/1.1.6/jakarta.json-1.1.6.jar!/org/glassfish/json/JsonMessages.class
[WARNING] org.glassfish.json.JsonNumberImpl$JsonBigDecimalNumber scanned from multiple locations: jar:file:///C:/Users/anayo/.m2/repository/org/glassfish/jakarta.json/1.1.6/jakarta.json-1.1.6-module.jar!/org/glassfish/json/JsonNumberImpl$JsonBigDecimalNumber.class, jar:file:///C:/Users/anayo/.m2/repository/org/glassfish/jakarta.json/1.1.6/jakarta.json-1.1.6.jar!/org/glassfish/json/JsonNumberImpl$JsonBigDecimalNumber.class
[WARNING] org.glassfish.json.JsonNumberImpl$JsonIntNumber scanned from multiple locations: jar:file:///C:/Users/anayo/.m2/repository/org/glassfish/jakarta.json/1.1.6/jakarta.json-1.1.6-module.jar!/org/glassfish/json/JsonNumberImpl$JsonIntNumber.class, jar:file:///C:/Users/anayo/.m2/repository/org/glassfish/jakarta.json/1.1.6/jakarta.json-1.1.6.jar!/org/glassfish/json/JsonNumberImpl$JsonIntNumber.class
[WARNING] org.glassfish.json.JsonNumberImpl$JsonLongNumber scanned from multiple locations: jar:file:///C:/Users/anayo/.m2/repository/org/glassfish/jakarta.json/1.1.6/jakarta.json-1.1.6-module.jar!/org/glassfish/json/JsonNumberImpl$JsonLongNumber.class, jar:file:///C:/Users/anayo/.m2/repository/org/glassfish/jakarta.json/1.1.6/jakarta.json-1.1.6.jar!/org/glassfish/json/JsonNumberImpl$JsonLongNumber.class
[WARNING] org.glassfish.json.JsonNumberImpl scanned from multiple locations: jar:file:///C:/Users/anayo/.m2/repository/org/glassfish/jakarta.json/1.1.6/jakarta.json-1.1.6-module.jar!/org/glassfish/json/JsonNumberImpl.class, jar:file:///C:/Users/anayo/.m2/repository/org/glassfish/jakarta.json/1.1.6/jakarta.json-1.1.6.jar!/org/glassfish/json/JsonNumberImpl.class
[WARNING] org.glassfish.json.JsonObjectBuilderImpl$JsonObjectImpl scanned from multiple locations: jar:file:///C:/Users/anayo/.m2/repository/org/glassfish/jakarta.json/1.1.6/jakarta.json-1.1.6-module.jar!/org/glassfish/json/JsonObjectBuilderImpl$JsonObjectImpl.class, jar:file:///C:/Users/anayo/.m2/repository/org/glassfish/jakarta.json/1.1.6/jakarta.json-1.1.6.jar!/org/glassfish/json/JsonObjectBuilderImpl$JsonObjectImpl.class
[WARNING] org.glassfish.json.JsonObjectBuilderImpl scanned from multiple locations: jar:file:///C:/Users/anayo/.m2/repository/org/glassfish/jakarta.json/1.1.6/jakarta.json-1.1.6-module.jar!/org/glassfish/json/JsonObjectBuilderImpl.class, jar:file:///C:/Users/anayo/.m2/repository/org/glassfish/jakarta.json/1.1.6/jakarta.json-1.1.6.jar!/org/glassfish/json/JsonObjectBuilderImpl.class
[WARNING] org.glassfish.json.JsonParserFactoryImpl scanned from multiple locations: jar:file:///C:/Users/anayo/.m2/repository/org/glassfish/jakarta.json/1.1.6/jakarta.json-1.1.6-module.jar!/org/glassfish/json/JsonParserFactoryImpl.class, jar:file:///C:/Users/anayo/.m2/repository/org/glassfish/jakarta.json/1.1.6/jakarta.json-1.1.6.jar!/org/glassfish/json/JsonParserFactoryImpl.class
[WARNING] org.glassfish.json.JsonParserImpl$1 scanned from multiple locations: jar:file:///C:/Users/anayo/.m2/repository/org/glassfish/jakarta.json/1.1.6/jakarta.json-1.1.6-module.jar!/org/glassfish/json/JsonParserImpl$1.class, jar:file:///C:/Users/anayo/.m2/repository/org/glassfish/jakarta.json/1.1.6/jakarta.json-1.1.6.jar!/org/glassfish/json/JsonParserImpl$1.class
[WARNING] org.glassfish.json.JsonParserImpl$2 scanned from multiple locations: jar:file:///C:/Users/anayo/.m2/repository/org/glassfish/jakarta.json/1.1.6/jakarta.json-1.1.6-module.jar!/org/glassfish/json/JsonParserImpl$2.class, jar:file:///C:/Users/anayo/.m2/repository/org/glassfish/jakarta.json/1.1.6/jakarta.json-1.1.6.jar!/org/glassfish/json/JsonParserImpl$2.class
[WARNING] org.glassfish.json.JsonParserImpl$3 scanned from multiple locations: jar:file:///C:/Users/anayo/.m2/repository/org/glassfish/jakarta.json/1.1.6/jakarta.json-1.1.6-module.jar!/org/glassfish/json/JsonParserImpl$3.class, jar:file:///C:/Users/anayo/.m2/repository/org/glassfish/jakarta.json/1.1.6/jakarta.json-1.1.6.jar!/org/glassfish/json/JsonParserImpl$3.class
[WARNING] org.glassfish.json.JsonParserImpl$4 scanned from multiple locations: jar:file:///C:/Users/anayo/.m2/repository/org/glassfish/jakarta.json/1.1.6/jakarta.json-1.1.6-module.jar!/org/glassfish/json/JsonParserImpl$4.class, jar:file:///C:/Users/anayo/.m2/repository/org/glassfish/jakarta.json/1.1.6/jakarta.json-1.1.6.jar!/org/glassfish/json/JsonParserImpl$4.class
[WARNING] org.glassfish.json.JsonParserImpl$ArrayContext scanned from multiple locations: jar:file:///C:/Users/anayo/.m2/repository/org/glassfish/jakarta.json/1.1.6/jakarta.json-1.1.6-module.jar!/org/glassfish/json/JsonParserImpl$ArrayContext.class, jar:file:///C:/Users/anayo/.m2/repository/org/glassfish/jakarta.json/1.1.6/jakarta.json-1.1.6.jar!/org/glassfish/json/JsonParserImpl$ArrayContext.class
[WARNING] org.glassfish.json.JsonParserImpl$Context scanned from multiple locations: jar:file:///C:/Users/anayo/.m2/repository/org/glassfish/jakarta.json/1.1.6/jakarta.json-1.1.6-module.jar!/org/glassfish/json/JsonParserImpl$Context.class, jar:file:///C:/Users/anayo/.m2/repository/org/glassfish/jakarta.json/1.1.6/jakarta.json-1.1.6.jar!/org/glassfish/json/JsonParserImpl$Context.class
[WARNING] org.glassfish.json.JsonParserImpl$NoneContext scanned from multiple locations: jar:file:///C:/Users/anayo/.m2/repository/org/glassfish/jakarta.json/1.1.6/jakarta.json-1.1.6-module.jar!/org/glassfish/json/JsonParserImpl$NoneContext.class, jar:file:///C:/Users/anayo/.m2/repository/org/glassfish/jakarta.json/1.1.6/jakarta.json-1.1.6.jar!/org/glassfish/json/JsonParserImpl$NoneContext.class
[WARNING] org.glassfish.json.JsonParserImpl$ObjectContext scanned from multiple locations: jar:file:///C:/Users/anayo/.m2/repository/org/glassfish/jakarta.json/1.1.6/jakarta.json-1.1.6-module.jar!/org/glassfish/json/JsonParserImpl$ObjectContext.class, jar:file:///C:/Users/anayo/.m2/repository/org/glassfish/jakarta.json/1.1.6/jakarta.json-1.1.6.jar!/org/glassfish/json/JsonParserImpl$ObjectContext.class
[WARNING] javax.json.EmptyArray scanned from multiple locations: jar:file:///C:/Users/anayo/.m2/repository/org/glassfish/jakarta.json/1.1.6/jakarta.json-1.1.6.jar!/javax/json/EmptyArray.class, jar:file:///C:/Users/anayo/.m2/repository/jakarta/json/jakarta.json-api/1.1.6/jakarta.json-api-1.1.6.jar!/javax/json/EmptyArray.class
[WARNING] org.glassfish.json.JsonParserImpl$Stack scanned from multiple locations: jar:file:///C:/Users/anayo/.m2/repository/org/glassfish/jakarta.json/1.1.6/jakarta.json-1.1.6-module.jar!/org/glassfish/json/JsonParserImpl$Stack.class, jar:file:///C:/Users/anayo/.m2/repository/org/glassfish/jakarta.json/1.1.6/jakarta.json-1.1.6.jar!/org/glassfish/json/JsonParserImpl$Stack.class
[WARNING] javax.json.EmptyObject scanned from multiple locations: jar:file:///C:/Users/anayo/.m2/repository/org/glassfish/jakarta.json/1.1.6/jakarta.json-1.1.6.jar!/javax/json/EmptyObject.class, jar:file:///C:/Users/anayo/.m2/repository/jakarta/json/jakarta.json-api/1.1.6/jakarta.json-api-1.1.6.jar!/javax/json/EmptyObject.class
[WARNING] org.glassfish.json.JsonParserImpl scanned from multiple locations: jar:file:///C:/Users/anayo/.m2/repository/org/glassfish/jakarta.json/1.1.6/jakarta.json-1.1.6-module.jar!/org/glassfish/json/JsonParserImpl.class, jar:file:///C:/Users/anayo/.m2/repository/org/glassfish/jakarta.json/1.1.6/jakarta.json-1.1.6.jar!/org/glassfish/json/JsonParserImpl.class
[WARNING] javax.json.Json scanned from multiple locations: jar:file:///C:/Users/anayo/.m2/repository/org/glassfish/jakarta.json/1.1.6/jakarta.json-1.1.6.jar!/javax/json/Json.class, jar:file:///C:/Users/anayo/.m2/repository/jakarta/json/jakarta.json-api/1.1.6/jakarta.json-api-1.1.6.jar!/javax/json/Json.class
[WARNING] org.glassfish.json.JsonPatchBuilderImpl scanned from multiple locations: jar:file:///C:/Users/anayo/.m2/repository/org/glassfish/jakarta.json/1.1.6/jakarta.json-1.1.6-module.jar!/org/glassfish/json/JsonPatchBuilderImpl.class, jar:file:///C:/Users/anayo/.m2/repository/org/glassfish/jakarta.json/1.1.6/jakarta.json-1.1.6.jar!/org/glassfish/json/JsonPatchBuilderImpl.class
[WARNING] javax.json.JsonArray scanned from multiple locations: jar:file:///C:/Users/anayo/.m2/repository/org/glassfish/jakarta.json/1.1.6/jakarta.json-1.1.6.jar!/javax/json/JsonArray.class, jar:file:///C:/Users/anayo/.m2/repository/jakarta/json/jakarta.json-api/1.1.6/jakarta.json-api-1.1.6.jar!/javax/json/JsonArray.class
[WARNING] org.glassfish.json.JsonPatchImpl$1 scanned from multiple locations: jar:file:///C:/Users/anayo/.m2/repository/org/glassfish/jakarta.json/1.1.6/jakarta.json-1.1.6-module.jar!/org/glassfish/json/JsonPatchImpl$1.class, jar:file:///C:/Users/anayo/.m2/repository/org/glassfish/jakarta.json/1.1.6/jakarta.json-1.1.6.jar!/org/glassfish/json/JsonPatchImpl$1.class
[WARNING] org.glassfish.json.JsonPatchImpl$DiffGenerator scanned from multiple locations: jar:file:///C:/Users/anayo/.m2/repository/org/glassfish/jakarta.json/1.1.6/jakarta.json-1.1.6-module.jar!/org/glassfish/json/JsonPatchImpl$DiffGenerator.class, jar:file:///C:/Users/anayo/.m2/repository/org/glassfish/jakarta.json/1.1.6/jakarta.json-1.1.6.jar!/org/glassfish/json/JsonPatchImpl$DiffGenerator.class
[WARNING] org.glassfish.json.JsonPatchImpl scanned from multiple locations: jar:file:///C:/Users/anayo/.m2/repository/org/glassfish/jakarta.json/1.1.6/jakarta.json-1.1.6-module.jar!/org/glassfish/json/JsonPatchImpl.class, jar:file:///C:/Users/anayo/.m2/repository/org/glassfish/jakarta.json/1.1.6/jakarta.json-1.1.6.jar!/org/glassfish/json/JsonPatchImpl.class
[WARNING] org.glassfish.json.JsonPointerImpl$1 scanned from multiple locations: jar:file:///C:/Users/anayo/.m2/repository/org/glassfish/jakarta.json/1.1.6/jakarta.json-1.1.6-module.jar!/org/glassfish/json/JsonPointerImpl$1.class, jar:file:///C:/Users/anayo/.m2/repository/org/glassfish/jakarta.json/1.1.6/jakarta.json-1.1.6.jar!/org/glassfish/json/JsonPointerImpl$1.class
[WARNING] org.glassfish.json.JsonPointerImpl scanned from multiple locations: jar:file:///C:/Users/anayo/.m2/repository/org/glassfish/jakarta.json/1.1.6/jakarta.json-1.1.6-module.jar!/org/glassfish/json/JsonPointerImpl.class, jar:file:///C:/Users/anayo/.m2/repository/org/glassfish/jakarta.json/1.1.6/jakarta.json-1.1.6.jar!/org/glassfish/json/JsonPointerImpl.class
[WARNING] javax.json.JsonArrayBuilder scanned from multiple locations: jar:file:///C:/Users/anayo/.m2/repository/org/glassfish/jakarta.json/1.1.6/jakarta.json-1.1.6.jar!/javax/json/JsonArrayBuilder.class, jar:file:///C:/Users/anayo/.m2/repository/jakarta/json/jakarta.json-api/1.1.6/jakarta.json-api-1.1.6.jar!/javax/json/JsonArrayBuilder.class
[WARNING] org.glassfish.json.JsonPrettyGeneratorImpl scanned from multiple locations: jar:file:///C:/Users/anayo/.m2/repository/org/glassfish/jakarta.json/1.1.6/jakarta.json-1.1.6-module.jar!/org/glassfish/json/JsonPrettyGeneratorImpl.class, jar:file:///C:/Users/anayo/.m2/repository/org/glassfish/jakarta.json/1.1.6/jakarta.json-1.1.6.jar!/org/glassfish/json/JsonPrettyGeneratorImpl.class
[WARNING] javax.json.JsonBuilderFactory scanned from multiple locations: jar:file:///C:/Users/anayo/.m2/repository/org/glassfish/jakarta.json/1.1.6/jakarta.json-1.1.6.jar!/javax/json/JsonBuilderFactory.class, jar:file:///C:/Users/anayo/.m2/repository/jakarta/json/jakarta.json-api/1.1.6/jakarta.json-api-1.1.6.jar!/javax/json/JsonBuilderFactory.class
[WARNING] org.glassfish.json.JsonProviderImpl scanned from multiple locations: jar:file:///C:/Users/anayo/.m2/repository/org/glassfish/jakarta.json/1.1.6/jakarta.json-1.1.6-module.jar!/org/glassfish/json/JsonProviderImpl.class, jar:file:///C:/Users/anayo/.m2/repository/org/glassfish/jakarta.json/1.1.6/jakarta.json-1.1.6.jar!/org/glassfish/json/JsonProviderImpl.class
[WARNING] javax.json.JsonException scanned from multiple locations: jar:file:///C:/Users/anayo/.m2/repository/org/glassfish/jakarta.json/1.1.6/jakarta.json-1.1.6.jar!/javax/json/JsonException.class, jar:file:///C:/Users/anayo/.m2/repository/jakarta/json/jakarta.json-api/1.1.6/jakarta.json-api-1.1.6.jar!/javax/json/JsonException.class
[WARNING] javax.json.JsonMergePatch scanned from multiple locations: jar:file:///C:/Users/anayo/.m2/repository/org/glassfish/jakarta.json/1.1.6/jakarta.json-1.1.6.jar!/javax/json/JsonMergePatch.class, jar:file:///C:/Users/anayo/.m2/repository/jakarta/json/jakarta.json-api/1.1.6/jakarta.json-api-1.1.6.jar!/javax/json/JsonMergePatch.class
[WARNING] org.glassfish.json.JsonReaderFactoryImpl scanned from multiple locations: jar:file:///C:/Users/anayo/.m2/repository/org/glassfish/jakarta.json/1.1.6/jakarta.json-1.1.6-module.jar!/org/glassfish/json/JsonReaderFactoryImpl.class, jar:file:///C:/Users/anayo/.m2/repository/org/glassfish/jakarta.json/1.1.6/jakarta.json-1.1.6.jar!/org/glassfish/json/JsonReaderFactoryImpl.class
[WARNING] javax.json.JsonNumber scanned from multiple locations: jar:file:///C:/Users/anayo/.m2/repository/org/glassfish/jakarta.json/1.1.6/jakarta.json-1.1.6.jar!/javax/json/JsonNumber.class, jar:file:///C:/Users/anayo/.m2/repository/jakarta/json/jakarta.json-api/1.1.6/jakarta.json-api-1.1.6.jar!/javax/json/JsonNumber.class
[WARNING] org.glassfish.json.JsonReaderImpl scanned from multiple locations: jar:file:///C:/Users/anayo/.m2/repository/org/glassfish/jakarta.json/1.1.6/jakarta.json-1.1.6-module.jar!/org/glassfish/json/JsonReaderImpl.class, jar:file:///C:/Users/anayo/.m2/repository/org/glassfish/jakarta.json/1.1.6/jakarta.json-1.1.6.jar!/org/glassfish/json/JsonReaderImpl.class
[WARNING] javax.json.JsonObject scanned from multiple locations: jar:file:///C:/Users/anayo/.m2/repository/org/glassfish/jakarta.json/1.1.6/jakarta.json-1.1.6.jar!/javax/json/JsonObject.class, jar:file:///C:/Users/anayo/.m2/repository/jakarta/json/jakarta.json-api/1.1.6/jakarta.json-api-1.1.6.jar!/javax/json/JsonObject.class
[WARNING] org.glassfish.json.JsonStringImpl scanned from multiple locations: jar:file:///C:/Users/anayo/.m2/repository/org/glassfish/jakarta.json/1.1.6/jakarta.json-1.1.6-module.jar!/org/glassfish/json/JsonStringImpl.class, jar:file:///C:/Users/anayo/.m2/repository/org/glassfish/jakarta.json/1.1.6/jakarta.json-1.1.6.jar!/org/glassfish/json/JsonStringImpl.class
[WARNING] javax.json.JsonObjectBuilder scanned from multiple locations: jar:file:///C:/Users/anayo/.m2/repository/org/glassfish/jakarta.json/1.1.6/jakarta.json-1.1.6.jar!/javax/json/JsonObjectBuilder.class, jar:file:///C:/Users/anayo/.m2/repository/jakarta/json/jakarta.json-api/1.1.6/jakarta.json-api-1.1.6.jar!/javax/json/JsonObjectBuilder.class
[WARNING] org.glassfish.json.JsonStructureParser$1 scanned from multiple locations: jar:file:///C:/Users/anayo/.m2/repository/org/glassfish/jakarta.json/1.1.6/jakarta.json-1.1.6-module.jar!/org/glassfish/json/JsonStructureParser$1.class, jar:file:///C:/Users/anayo/.m2/repository/org/glassfish/jakarta.json/1.1.6/jakarta.json-1.1.6.jar!/org/glassfish/json/JsonStructureParser$1.class
[WARNING] javax.json.JsonPatch$Operation scanned from multiple locations: jar:file:///C:/Users/anayo/.m2/repository/org/glassfish/jakarta.json/1.1.6/jakarta.json-1.1.6.jar!/javax/json/JsonPatch$Operation.class, jar:file:///C:/Users/anayo/.m2/repository/jakarta/json/jakarta.json-api/1.1.6/jakarta.json-api-1.1.6.jar!/javax/json/JsonPatch$Operation.class
[WARNING] org.glassfish.json.JsonStructureParser$ArrayScope scanned from multiple locations: jar:file:///C:/Users/anayo/.m2/repository/org/glassfish/jakarta.json/1.1.6/jakarta.json-1.1.6-module.jar!/org/glassfish/json/JsonStructureParser$ArrayScope.class, jar:file:///C:/Users/anayo/.m2/repository/org/glassfish/jakarta.json/1.1.6/jakarta.json-1.1.6.jar!/org/glassfish/json/JsonStructureParser$ArrayScope.class
[WARNING] javax.json.JsonPatch scanned from multiple locations: jar:file:///C:/Users/anayo/.m2/repository/org/glassfish/jakarta.json/1.1.6/jakarta.json-1.1.6.jar!/javax/json/JsonPatch.class, jar:file:///C:/Users/anayo/.m2/repository/jakarta/json/jakarta.json-api/1.1.6/jakarta.json-api-1.1.6.jar!/javax/json/JsonPatch.class
[WARNING] javax.json.JsonPatchBuilder scanned from multiple locations: jar:file:///C:/Users/anayo/.m2/repository/org/glassfish/jakarta.json/1.1.6/jakarta.json-1.1.6.jar!/javax/json/JsonPatchBuilder.class, jar:file:///C:/Users/anayo/.m2/repository/jakarta/json/jakarta.json-api/1.1.6/jakarta.json-api-1.1.6.jar!/javax/json/JsonPatchBuilder.class
[WARNING] javax.json.JsonPointer scanned from multiple locations: jar:file:///C:/Users/anayo/.m2/repository/org/glassfish/jakarta.json/1.1.6/jakarta.json-1.1.6.jar!/javax/json/JsonPointer.class, jar:file:///C:/Users/anayo/.m2/repository/jakarta/json/jakarta.json-api/1.1.6/jakarta.json-api-1.1.6.jar!/javax/json/JsonPointer.class
[WARNING] org.glassfish.json.JsonStructureParser$ObjectScope scanned from multiple locations: jar:file:///C:/Users/anayo/.m2/repository/org/glassfish/jakarta.json/1.1.6/jakarta.json-1.1.6-module.jar!/org/glassfish/json/JsonStructureParser$ObjectScope.class, jar:file:///C:/Users/anayo/.m2/repository/org/glassfish/jakarta.json/1.1.6/jakarta.json-1.1.6.jar!/org/glassfish/json/JsonStructureParser$ObjectScope.class
[WARNING] javax.json.JsonReader scanned from multiple locations: jar:file:///C:/Users/anayo/.m2/repository/org/glassfish/jakarta.json/1.1.6/jakarta.json-1.1.6.jar!/javax/json/JsonReader.class, jar:file:///C:/Users/anayo/.m2/repository/jakarta/json/jakarta.json-api/1.1.6/jakarta.json-api-1.1.6.jar!/javax/json/JsonReader.class
[WARNING] org.glassfish.json.JsonStructureParser$Scope scanned from multiple locations: jar:file:///C:/Users/anayo/.m2/repository/org/glassfish/jakarta.json/1.1.6/jakarta.json-1.1.6-module.jar!/org/glassfish/json/JsonStructureParser$Scope.class, jar:file:///C:/Users/anayo/.m2/repository/org/glassfish/jakarta.json/1.1.6/jakarta.json-1.1.6.jar!/org/glassfish/json/JsonStructureParser$Scope.class
[WARNING] javax.json.JsonReaderFactory scanned from multiple locations: jar:file:///C:/Users/anayo/.m2/repository/org/glassfish/jakarta.json/1.1.6/jakarta.json-1.1.6.jar!/javax/json/JsonReaderFactory.class, jar:file:///C:/Users/anayo/.m2/repository/jakarta/json/jakarta.json-api/1.1.6/jakarta.json-api-1.1.6.jar!/javax/json/JsonReaderFactory.class
[WARNING] org.glassfish.json.JsonStructureParser scanned from multiple locations: jar:file:///C:/Users/anayo/.m2/repository/org/glassfish/jakarta.json/1.1.6/jakarta.json-1.1.6-module.jar!/org/glassfish/json/JsonStructureParser.class, jar:file:///C:/Users/anayo/.m2/repository/org/glassfish/jakarta.json/1.1.6/jakarta.json-1.1.6.jar!/org/glassfish/json/JsonStructureParser.class
[WARNING] javax.json.JsonString scanned from multiple locations: jar:file:///C:/Users/anayo/.m2/repository/org/glassfish/jakarta.json/1.1.6/jakarta.json-1.1.6.jar!/javax/json/JsonString.class, jar:file:///C:/Users/anayo/.m2/repository/jakarta/json/jakarta.json-api/1.1.6/jakarta.json-api-1.1.6.jar!/javax/json/JsonString.class
[WARNING] org.glassfish.json.JsonTokenizer$JsonToken scanned from multiple locations: jar:file:///C:/Users/anayo/.m2/repository/org/glassfish/jakarta.json/1.1.6/jakarta.json-1.1.6-module.jar!/org/glassfish/json/JsonTokenizer$JsonToken.class, jar:file:///C:/Users/anayo/.m2/repository/org/glassfish/jakarta.json/1.1.6/jakarta.json-1.1.6.jar!/org/glassfish/json/JsonTokenizer$JsonToken.class
[WARNING] javax.json.JsonStructure scanned from multiple locations: jar:file:///C:/Users/anayo/.m2/repository/org/glassfish/jakarta.json/1.1.6/jakarta.json-1.1.6.jar!/javax/json/JsonStructure.class, jar:file:///C:/Users/anayo/.m2/repository/jakarta/json/jakarta.json-api/1.1.6/jakarta.json-api-1.1.6.jar!/javax/json/JsonStructure.class
[WARNING] org.glassfish.json.JsonTokenizer scanned from multiple locations: jar:file:///C:/Users/anayo/.m2/repository/org/glassfish/jakarta.json/1.1.6/jakarta.json-1.1.6-module.jar!/org/glassfish/json/JsonTokenizer.class, jar:file:///C:/Users/anayo/.m2/repository/org/glassfish/jakarta.json/1.1.6/jakarta.json-1.1.6.jar!/org/glassfish/json/JsonTokenizer.class
[WARNING] javax.json.JsonValue$ValueType scanned from multiple locations: jar:file:///C:/Users/anayo/.m2/repository/org/glassfish/jakarta.json/1.1.6/jakarta.json-1.1.6.jar!/javax/json/JsonValue$ValueType.class, jar:file:///C:/Users/anayo/.m2/repository/jakarta/json/jakarta.json-api/1.1.6/jakarta.json-api-1.1.6.jar!/javax/json/JsonValue$ValueType.class
[WARNING] org.glassfish.json.JsonUtil scanned from multiple locations: jar:file:///C:/Users/anayo/.m2/repository/org/glassfish/jakarta.json/1.1.6/jakarta.json-1.1.6-module.jar!/org/glassfish/json/JsonUtil.class, jar:file:///C:/Users/anayo/.m2/repository/org/glassfish/jakarta.json/1.1.6/jakarta.json-1.1.6.jar!/org/glassfish/json/JsonUtil.class
[WARNING] javax.json.JsonValue scanned from multiple locations: jar:file:///C:/Users/anayo/.m2/repository/org/glassfish/jakarta.json/1.1.6/jakarta.json-1.1.6.jar!/javax/json/JsonValue.class, jar:file:///C:/Users/anayo/.m2/repository/jakarta/json/jakarta.json-api/1.1.6/jakarta.json-api-1.1.6.jar!/javax/json/JsonValue.class
[WARNING] org.glassfish.json.JsonWriterFactoryImpl scanned from multiple locations: jar:file:///C:/Users/anayo/.m2/repository/org/glassfish/jakarta.json/1.1.6/jakarta.json-1.1.6-module.jar!/org/glassfish/json/JsonWriterFactoryImpl.class, jar:file:///C:/Users/anayo/.m2/repository/org/glassfish/jakarta.json/1.1.6/jakarta.json-1.1.6.jar!/org/glassfish/json/JsonWriterFactoryImpl.class
[WARNING] javax.json.JsonValueImpl scanned from multiple locations: jar:file:///C:/Users/anayo/.m2/repository/org/glassfish/jakarta.json/1.1.6/jakarta.json-1.1.6.jar!/javax/json/JsonValueImpl.class, jar:file:///C:/Users/anayo/.m2/repository/jakarta/json/jakarta.json-api/1.1.6/jakarta.json-api-1.1.6.jar!/javax/json/JsonValueImpl.class
[WARNING] org.glassfish.json.JsonWriterImpl$1 scanned from multiple locations: jar:file:///C:/Users/anayo/.m2/repository/org/glassfish/jakarta.json/1.1.6/jakarta.json-1.1.6-module.jar!/org/glassfish/json/JsonWriterImpl$1.class, jar:file:///C:/Users/anayo/.m2/repository/org/glassfish/jakarta.json/1.1.6/jakarta.json-1.1.6.jar!/org/glassfish/json/JsonWriterImpl$1.class
[WARNING] javax.json.JsonWriter scanned from multiple locations: jar:file:///C:/Users/anayo/.m2/repository/org/glassfish/jakarta.json/1.1.6/jakarta.json-1.1.6.jar!/javax/json/JsonWriter.class, jar:file:///C:/Users/anayo/.m2/repository/jakarta/json/jakarta.json-api/1.1.6/jakarta.json-api-1.1.6.jar!/javax/json/JsonWriter.class
[WARNING] org.glassfish.json.JsonWriterImpl$NoFlushOutputStream scanned from multiple locations: jar:file:///C:/Users/anayo/.m2/repository/org/glassfish/jakarta.json/1.1.6/jakarta.json-1.1.6-module.jar!/org/glassfish/json/JsonWriterImpl$NoFlushOutputStream.class, jar:file:///C:/Users/anayo/.m2/repository/org/glassfish/jakarta.json/1.1.6/jakarta.json-1.1.6.jar!/org/glassfish/json/JsonWriterImpl$NoFlushOutputStream.class
[WARNING] javax.json.JsonWriterFactory scanned from multiple locations: jar:file:///C:/Users/anayo/.m2/repository/org/glassfish/jakarta.json/1.1.6/jakarta.json-1.1.6.jar!/javax/json/JsonWriterFactory.class, jar:file:///C:/Users/anayo/.m2/repository/jakarta/json/jakarta.json-api/1.1.6/jakarta.json-api-1.1.6.jar!/javax/json/JsonWriterFactory.class
[WARNING] org.glassfish.json.JsonWriterImpl scanned from multiple locations: jar:file:///C:/Users/anayo/.m2/repository/org/glassfish/jakarta.json/1.1.6/jakarta.json-1.1.6-module.jar!/org/glassfish/json/JsonWriterImpl.class, jar:file:///C:/Users/anayo/.m2/repository/org/glassfish/jakarta.json/1.1.6/jakarta.json-1.1.6.jar!/org/glassfish/json/JsonWriterImpl.class
[WARNING] javax.json.spi.JsonProvider scanned from multiple locations: jar:file:///C:/Users/anayo/.m2/repository/org/glassfish/jakarta.json/1.1.6/jakarta.json-1.1.6.jar!/javax/json/spi/JsonProvider.class, jar:file:///C:/Users/anayo/.m2/repository/jakarta/json/jakarta.json-api/1.1.6/jakarta.json-api-1.1.6.jar!/javax/json/spi/JsonProvider.class
[WARNING] org.glassfish.json.MapUtil scanned from multiple locations: jar:file:///C:/Users/anayo/.m2/repository/org/glassfish/jakarta.json/1.1.6/jakarta.json-1.1.6-module.jar!/org/glassfish/json/MapUtil.class, jar:file:///C:/Users/anayo/.m2/repository/org/glassfish/jakarta.json/1.1.6/jakarta.json-1.1.6.jar!/org/glassfish/json/MapUtil.class
[WARNING] javax.json.stream.JsonCollectors scanned from multiple locations: jar:file:///C:/Users/anayo/.m2/repository/org/glassfish/jakarta.json/1.1.6/jakarta.json-1.1.6.jar!/javax/json/stream/JsonCollectors.class, jar:file:///C:/Users/anayo/.m2/repository/jakarta/json/jakarta.json-api/1.1.6/jakarta.json-api-1.1.6.jar!/javax/json/stream/JsonCollectors.class
[WARNING] org.glassfish.json.NodeReference$1 scanned from multiple locations: jar:file:///C:/Users/anayo/.m2/repository/org/glassfish/jakarta.json/1.1.6/jakarta.json-1.1.6-module.jar!/org/glassfish/json/NodeReference$1.class, jar:file:///C:/Users/anayo/.m2/repository/org/glassfish/jakarta.json/1.1.6/jakarta.json-1.1.6.jar!/org/glassfish/json/NodeReference$1.class
[WARNING] javax.json.stream.JsonGenerationException scanned from multiple locations: jar:file:///C:/Users/anayo/.m2/repository/org/glassfish/jakarta.json/1.1.6/jakarta.json-1.1.6.jar!/javax/json/stream/JsonGenerationException.class, jar:file:///C:/Users/anayo/.m2/repository/jakarta/json/jakarta.json-api/1.1.6/jakarta.json-api-1.1.6.jar!/javax/json/stream/JsonGenerationException.class
[WARNING] org.glassfish.json.NodeReference$ArrayReference scanned from multiple locations: jar:file:///C:/Users/anayo/.m2/repository/org/glassfish/jakarta.json/1.1.6/jakarta.json-1.1.6-module.jar!/org/glassfish/json/NodeReference$ArrayReference.class, jar:file:///C:/Users/anayo/.m2/repository/org/glassfish/jakarta.json/1.1.6/jakarta.json-1.1.6.jar!/org/glassfish/json/NodeReference$ArrayReference.class
[WARNING] javax.json.stream.JsonGenerator scanned from multiple locations: jar:file:///C:/Users/anayo/.m2/repository/org/glassfish/jakarta.json/1.1.6/jakarta.json-1.1.6.jar!/javax/json/stream/JsonGenerator.class, jar:file:///C:/Users/anayo/.m2/repository/jakarta/json/jakarta.json-api/1.1.6/jakarta.json-api-1.1.6.jar!/javax/json/stream/JsonGenerator.class
[WARNING] org.glassfish.json.NodeReference$ObjectReference scanned from multiple locations: jar:file:///C:/Users/anayo/.m2/repository/org/glassfish/jakarta.json/1.1.6/jakarta.json-1.1.6-module.jar!/org/glassfish/json/NodeReference$ObjectReference.class, jar:file:///C:/Users/anayo/.m2/repository/org/glassfish/jakarta.json/1.1.6/jakarta.json-1.1.6.jar!/org/glassfish/json/NodeReference$ObjectReference.class
[WARNING] javax.json.stream.JsonGeneratorFactory scanned from multiple locations: jar:file:///C:/Users/anayo/.m2/repository/org/glassfish/jakarta.json/1.1.6/jakarta.json-1.1.6.jar!/javax/json/stream/JsonGeneratorFactory.class, jar:file:///C:/Users/anayo/.m2/repository/jakarta/json/jakarta.json-api/1.1.6/jakarta.json-api-1.1.6.jar!/javax/json/stream/JsonGeneratorFactory.class
[WARNING] org.glassfish.json.NodeReference$RootReference scanned from multiple locations: jar:file:///C:/Users/anayo/.m2/repository/org/glassfish/jakarta.json/1.1.6/jakarta.json-1.1.6-module.jar!/org/glassfish/json/NodeReference$RootReference.class, jar:file:///C:/Users/anayo/.m2/repository/org/glassfish/jakarta.json/1.1.6/jakarta.json-1.1.6.jar!/org/glassfish/json/NodeReference$RootReference.class
[WARNING] javax.json.stream.JsonLocation scanned from multiple locations: jar:file:///C:/Users/anayo/.m2/repository/org/glassfish/jakarta.json/1.1.6/jakarta.json-1.1.6.jar!/javax/json/stream/JsonLocation.class, jar:file:///C:/Users/anayo/.m2/repository/jakarta/json/jakarta.json-api/1.1.6/jakarta.json-api-1.1.6.jar!/javax/json/stream/JsonLocation.class
[WARNING] org.glassfish.json.NodeReference scanned from multiple locations: jar:file:///C:/Users/anayo/.m2/repository/org/glassfish/jakarta.json/1.1.6/jakarta.json-1.1.6-module.jar!/org/glassfish/json/NodeReference.class, jar:file:///C:/Users/anayo/.m2/repository/org/glassfish/jakarta.json/1.1.6/jakarta.json-1.1.6.jar!/org/glassfish/json/NodeReference.class
[WARNING] javax.json.stream.JsonParser$Event scanned from multiple locations: jar:file:///C:/Users/anayo/.m2/repository/org/glassfish/jakarta.json/1.1.6/jakarta.json-1.1.6.jar!/javax/json/stream/JsonParser$Event.class, jar:file:///C:/Users/anayo/.m2/repository/jakarta/json/jakarta.json-api/1.1.6/jakarta.json-api-1.1.6.jar!/javax/json/stream/JsonParser$Event.class
[WARNING] javax.json.stream.JsonParser scanned from multiple locations: jar:file:///C:/Users/anayo/.m2/repository/org/glassfish/jakarta.json/1.1.6/jakarta.json-1.1.6.jar!/javax/json/stream/JsonParser.class, jar:file:///C:/Users/anayo/.m2/repository/jakarta/json/jakarta.json-api/1.1.6/jakarta.json-api-1.1.6.jar!/javax/json/stream/JsonParser.class
[WARNING] javax.json.stream.JsonParserFactory scanned from multiple locations: jar:file:///C:/Users/anayo/.m2/repository/org/glassfish/jakarta.json/1.1.6/jakarta.json-1.1.6.jar!/javax/json/stream/JsonParserFactory.class, jar:file:///C:/Users/anayo/.m2/repository/jakarta/json/jakarta.json-api/1.1.6/jakarta.json-api-1.1.6.jar!/javax/json/stream/JsonParserFactory.class
[WARNING] org.glassfish.json.UnicodeDetectingInputStream scanned from multiple locations: jar:file:///C:/Users/anayo/.m2/repository/org/glassfish/jakarta.json/1.1.6/jakarta.json-1.1.6-module.jar!/org/glassfish/json/UnicodeDetectingInputStream.class, jar:file:///C:/Users/anayo/.m2/repository/org/glassfish/jakarta.json/1.1.6/jakarta.json-1.1.6.jar!/org/glassfish/json/UnicodeDetectingInputStream.class
[WARNING] javax.json.stream.JsonParsingException scanned from multiple locations: jar:file:///C:/Users/anayo/.m2/repository/org/glassfish/jakarta.json/1.1.6/jakarta.json-1.1.6.jar!/javax/json/stream/JsonParsingException.class, jar:file:///C:/Users/anayo/.m2/repository/jakarta/json/jakarta.json-api/1.1.6/jakarta.json-api-1.1.6.jar!/javax/json/stream/JsonParsingException.class
[WARNING] org.glassfish.json.api.BufferPool scanned from multiple locations: jar:file:///C:/Users/anayo/.m2/repository/org/glassfish/jakarta.json/1.1.6/jakarta.json-1.1.6-module.jar!/org/glassfish/json/api/BufferPool.class, jar:file:///C:/Users/anayo/.m2/repository/org/glassfish/jakarta.json/1.1.6/jakarta.json-1.1.6.jar!/org/glassfish/json/api/BufferPool.class
[INFO] Scanning elapsed time=194ms
[WARNING] 
java.lang.ClassNotFoundException: code.apiversion.config.GuiceListener
    at org.codehaus.plexus.classworlds.strategy.SelfFirstStrategy.loadClass (SelfFirstStrategy.java:42)
    at org.codehaus.plexus.classworlds.realm.ClassRealm.unsynchronizedLoadClass (ClassRealm.java:225)
    at org.codehaus.plexus.classworlds.realm.ClassRealm.loadClass (ClassRealm.java:210)
    at org.codehaus.plexus.classworlds.realm.ClassRealm.loadClass (ClassRealm.java:205)
    at org.eclipse.jetty.webapp.WebAppClassLoader.loadClass (WebAppClassLoader.java:538)
    at java.lang.ClassLoader.loadClass (ClassLoader.java:490)
    at org.eclipse.jetty.util.Loader.loadClass (Loader.java:64)
    at org.eclipse.jetty.servlet.BaseHolder.doStart (BaseHolder.java:89)
    at org.eclipse.jetty.servlet.ListenerHolder.doStart (ListenerHolder.java:72)
    at org.eclipse.jetty.util.component.AbstractLifeCycle.start (AbstractLifeCycle.java:73)
    at org.eclipse.jetty.servlet.ServletContextHandler.startContext (ServletContextHandler.java:369)
    at org.eclipse.jetty.webapp.WebAppContext.startWebapp (WebAppContext.java:1449)
    at org.eclipse.jetty.maven.plugin.JettyWebAppContext.startWebapp (JettyWebAppContext.java:328)
    at org.eclipse.jetty.webapp.WebAppContext.startContext (WebAppContext.java:1414)
    at org.eclipse.jetty.server.handler.ContextHandler.doStart (ContextHandler.java:916)
    at org.eclipse.jetty.servlet.ServletContextHandler.doStart (ServletContextHandler.java:288)
    at org.eclipse.jetty.webapp.WebAppContext.doStart (WebAppContext.java:524)
    at org.eclipse.jetty.maven.plugin.JettyWebAppContext.doStart (JettyWebAppContext.java:397)
    at org.eclipse.jetty.util.component.AbstractLifeCycle.start (AbstractLifeCycle.java:73)
    at org.eclipse.jetty.util.component.ContainerLifeCycle.start (ContainerLifeCycle.java:169)
    at org.eclipse.jetty.util.component.ContainerLifeCycle.doStart (ContainerLifeCycle.java:117)
    at org.eclipse.jetty.server.handler.AbstractHandler.doStart (AbstractHandler.java:97)
    at org.eclipse.jetty.util.component.AbstractLifeCycle.start (AbstractLifeCycle.java:73)
    at org.eclipse.jetty.util.component.ContainerLifeCycle.start (ContainerLifeCycle.java:169)
    at org.eclipse.jetty.util.component.ContainerLifeCycle.doStart (ContainerLifeCycle.java:117)
    at org.eclipse.jetty.server.handler.AbstractHandler.doStart (AbstractHandler.java:97)
    at org.eclipse.jetty.util.component.AbstractLifeCycle.start (AbstractLifeCycle.java:73)
    at org.eclipse.jetty.util.component.ContainerLifeCycle.start (ContainerLifeCycle.java:169)
    at org.eclipse.jetty.server.Server.start (Server.java:423)
    at org.eclipse.jetty.util.component.ContainerLifeCycle.doStart (ContainerLifeCycle.java:110)
    at org.eclipse.jetty.server.handler.AbstractHandler.doStart (AbstractHandler.java:97)
    at org.eclipse.jetty.server.Server.doStart (Server.java:387)
    at org.eclipse.jetty.util.component.AbstractLifeCycle.start (AbstractLifeCycle.java:73)
    at org.eclipse.jetty.maven.plugin.AbstractJettyMojo.startJetty (AbstractJettyMojo.java:449)
    at org.eclipse.jetty.maven.plugin.AbstractJettyMojo.execute (AbstractJettyMojo.java:310)
    at org.eclipse.jetty.maven.plugin.JettyRunMojo.execute (JettyRunMojo.java:150)
    at org.apache.maven.plugin.DefaultBuildPluginManager.executeMojo (DefaultBuildPluginManager.java:126)
    at org.apache.maven.lifecycle.internal.MojoExecutor.doExecute2 (MojoExecutor.java:328)
    at org.apache.maven.lifecycle.internal.MojoExecutor.doExecute (MojoExecutor.java:316)
    at org.apache.maven.lifecycle.internal.MojoExecutor.execute (MojoExecutor.java:212)
    at org.apache.maven.lifecycle.internal.MojoExecutor.execute (MojoExecutor.java:174)
    at org.apache.maven.lifecycle.internal.MojoExecutor.access$000 (MojoExecutor.java:75)
    at org.apache.maven.lifecycle.internal.MojoExecutor$1.run (MojoExecutor.java:162)
    at org.apache.maven.plugin.DefaultMojosExecutionStrategy.execute (DefaultMojosExecutionStrategy.java:39)
    at org.apache.maven.lifecycle.internal.MojoExecutor.execute (MojoExecutor.java:159)
    at org.apache.maven.lifecycle.internal.LifecycleModuleBuilder.buildProject (LifecycleModuleBuilder.java:105)
    at org.apache.maven.lifecycle.internal.LifecycleModuleBuilder.buildProject (LifecycleModuleBuilder.java:73)
    at org.apache.maven.lifecycle.internal.builder.singlethreaded.SingleThreadedBuilder.build (SingleThreadedBuilder.java:53)
    at org.apache.maven.lifecycle.internal.LifecycleStarter.execute (LifecycleStarter.java:118)
    at org.apache.maven.DefaultMaven.doExecute (DefaultMaven.java:261)
    at org.apache.maven.DefaultMaven.doExecute (DefaultMaven.java:173)
    at org.apache.maven.DefaultMaven.execute (DefaultMaven.java:101)
    at org.apache.maven.cli.MavenCli.execute (MavenCli.java:919)
    at org.apache.maven.cli.MavenCli.doMain (MavenCli.java:285)
    at org.apache.maven.cli.MavenCli.main (MavenCli.java:207)
    at jdk.internal.reflect.DirectMethodHandleAccessor.invoke (DirectMethodHandleAccessor.java:104)
    at java.lang.reflect.Method.invoke (Method.java:565)
    at org.codehaus.plexus.classworlds.launcher.Launcher.launchEnhanced (Launcher.java:255)
    at org.codehaus.plexus.classworlds.launcher.Launcher.launch (Launcher.java:201)
    at org.codehaus.plexus.classworlds.launcher.Launcher.mainWithExitCode (Launcher.java:361)
    at org.codehaus.plexus.classworlds.launcher.Launcher.main (Launcher.java:314)
[WARNING] Failed startup of context o.e.j.m.p.JettyWebAppContext@6321a5aa{/,file:///D:/code/apiversion/server/src/main/webapp/,UNAVAILABLE}{file:///D:/code/apiversion/server/src/main/webapp/}
javax.servlet.UnavailableException: Class loading error for holder code.apiversion.config.GuiceListener@1d7c9811{src=DESCRIPTOR:file:///D:/code/apiversion/server/src/main/webapp/WEB-INF/web.xml}
    at org.eclipse.jetty.servlet.BaseHolder.doStart (BaseHolder.java:96)
    at org.eclipse.jetty.servlet.ListenerHolder.doStart (ListenerHolder.java:72)
    at org.eclipse.jetty.util.component.AbstractLifeCycle.start (AbstractLifeCycle.java:73)
    at org.eclipse.jetty.servlet.ServletContextHandler.startContext (ServletContextHandler.java:369)
    at org.eclipse.jetty.webapp.WebAppContext.startWebapp (WebAppContext.java:1449)
    at org.eclipse.jetty.maven.plugin.JettyWebAppContext.startWebapp (JettyWebAppContext.java:328)
    at org.eclipse.jetty.webapp.WebAppContext.startContext (WebAppContext.java:1414)
    at org.eclipse.jetty.server.handler.ContextHandler.doStart (ContextHandler.java:916)
    at org.eclipse.jetty.servlet.ServletContextHandler.doStart (ServletContextHandler.java:288)
    at org.eclipse.jetty.webapp.WebAppContext.doStart (WebAppContext.java:524)
    at org.eclipse.jetty.maven.plugin.JettyWebAppContext.doStart (JettyWebAppContext.java:397)
    at org.eclipse.jetty.util.component.AbstractLifeCycle.start (AbstractLifeCycle.java:73)
    at org.eclipse.jetty.util.component.ContainerLifeCycle.start (ContainerLifeCycle.java:169)
    at org.eclipse.jetty.util.component.ContainerLifeCycle.doStart (ContainerLifeCycle.java:117)
    at org.eclipse.jetty.server.handler.AbstractHandler.doStart (AbstractHandler.java:97)
    at org.eclipse.jetty.util.component.AbstractLifeCycle.start (AbstractLifeCycle.java:73)
    at org.eclipse.jetty.util.component.ContainerLifeCycle.start (ContainerLifeCycle.java:169)
    at org.eclipse.jetty.util.component.ContainerLifeCycle.doStart (ContainerLifeCycle.java:117)
    at org.eclipse.jetty.server.handler.AbstractHandler.doStart (AbstractHandler.java:97)
    at org.eclipse.jetty.util.component.AbstractLifeCycle.start (AbstractLifeCycle.java:73)
    at org.eclipse.jetty.util.component.ContainerLifeCycle.start (ContainerLifeCycle.java:169)
    at org.eclipse.jetty.server.Server.start (Server.java:423)
    at org.eclipse.jetty.util.component.ContainerLifeCycle.doStart (ContainerLifeCycle.java:110)
    at org.eclipse.jetty.server.handler.AbstractHandler.doStart (AbstractHandler.java:97)
    at org.eclipse.jetty.server.Server.doStart (Server.java:387)
    at org.eclipse.jetty.util.component.AbstractLifeCycle.start (AbstractLifeCycle.java:73)
    at org.eclipse.jetty.maven.plugin.AbstractJettyMojo.startJetty (AbstractJettyMojo.java:449)
    at org.eclipse.jetty.maven.plugin.AbstractJettyMojo.execute (AbstractJettyMojo.java:310)
    at org.eclipse.jetty.maven.plugin.JettyRunMojo.execute (JettyRunMojo.java:150)
    at org.apache.maven.plugin.DefaultBuildPluginManager.executeMojo (DefaultBuildPluginManager.java:126)
    at org.apache.maven.lifecycle.internal.MojoExecutor.doExecute2 (MojoExecutor.java:328)
    at org.apache.maven.lifecycle.internal.MojoExecutor.doExecute (MojoExecutor.java:316)
    at org.apache.maven.lifecycle.internal.MojoExecutor.execute (MojoExecutor.java:212)
    at org.apache.maven.lifecycle.internal.MojoExecutor.execute (MojoExecutor.java:174)
    at org.apache.maven.lifecycle.internal.MojoExecutor.access$000 (MojoExecutor.java:75)
    at org.apache.maven.lifecycle.internal.MojoExecutor$1.run (MojoExecutor.java:162)
    at org.apache.maven.plugin.DefaultMojosExecutionStrategy.execute (DefaultMojosExecutionStrategy.java:39)
    at org.apache.maven.lifecycle.internal.MojoExecutor.execute (MojoExecutor.java:159)
    at org.apache.maven.lifecycle.internal.LifecycleModuleBuilder.buildProject (LifecycleModuleBuilder.java:105)
    at org.apache.maven.lifecycle.internal.LifecycleModuleBuilder.buildProject (LifecycleModuleBuilder.java:73)
    at org.apache.maven.lifecycle.internal.builder.singlethreaded.SingleThreadedBuilder.build (SingleThreadedBuilder.java:53)
    at org.apache.maven.lifecycle.internal.LifecycleStarter.execute (LifecycleStarter.java:118)
    at org.apache.maven.DefaultMaven.doExecute (DefaultMaven.java:261)
    at org.apache.maven.DefaultMaven.doExecute (DefaultMaven.java:173)
    at org.apache.maven.DefaultMaven.execute (DefaultMaven.java:101)
    at org.apache.maven.cli.MavenCli.execute (MavenCli.java:919)
    at org.apache.maven.cli.MavenCli.doMain (MavenCli.java:285)
    at org.apache.maven.cli.MavenCli.main (MavenCli.java:207)
    at jdk.internal.reflect.DirectMethodHandleAccessor.invoke (DirectMethodHandleAccessor.java:104)
    at java.lang.reflect.Method.invoke (Method.java:565)
    at org.codehaus.plexus.classworlds.launcher.Launcher.launchEnhanced (Launcher.java:255)
    at org.codehaus.plexus.classworlds.launcher.Launcher.launch (Launcher.java:201)
    at org.codehaus.plexus.classworlds.launcher.Launcher.mainWithExitCode (Launcher.java:361)
    at org.codehaus.plexus.classworlds.launcher.Launcher.main (Launcher.java:314)
[INFO] Started ServerConnector@48fc0211{HTTP/1.1, (http/1.1)}{0.0.0.0:8800}
[INFO] Started @4042ms
[INFO] Started Jetty Server
